<?xml version="1.0" encoding="UTF-8"?>
<testsuite name="test.java.BoundedStackTest" tests="4" skipped="0" failures="0" errors="0" timestamp="2014-12-12T22:14:29" hostname="Jutti" time="0.01">
  <properties/>
  <testcase name="testPushTooMuch" classname="test.java.BoundedStackTest" time="0.005"/>
  <testcase name="testStack" classname="test.java.BoundedStackTest" time="0.001"/>
  <testcase name="testCapacity" classname="test.java.BoundedStackTest" time="0.001"/>
  <testcase name="testIsFull" classname="test.java.BoundedStackTest" time="0.001"/>
  <system-out><![CDATA[]]></system-out>
  <system-err><![CDATA[]]></system-err>
</testsuite>
